<beans xmlns="http://www.springframework.org/schema/beans"
       xmlns:xsi="http://www.w3.org/2001/XMLSchema-instance"
       xmlns:p="http://www.springframework.org/schema/p"
       xmlns:context="http://www.springframework.org/schema/context"
       xmlns:mvc="http://www.springframework.org/schema/mvc"
       xmlns:mongo="http://www.springframework.org/schema/data/mongo"
       xsi:schemaLocation="http://www.springframework.org/schema/beans 
                           http://www.springframework.org/schema/beans/spring-beans.xsd
                           http://www.springframework.org/schema/context 
                           http://www.springframework.org/schema/context/spring-context.xsd
                           http://www.springframework.org/schema/mvc
                           http://www.springframework.org/schema/mvc/spring-mvc.xsd
						   http://www.springframework.org/schema/data/mongo
						   http://www.springframework.org/schema/data/mongo/spring-mongo-1.0.xsd
						   http://www.springframework.org/schema/util
						   http://www.springframework.org/schema/util/spring-util-3.2.xsd">

	 <bean id="home" class="com.litmus7.controllers.HomeController"></bean>
	 <context:component-scan base-package="com.litmus7.mongo.repositories" />
	 
	 
	<!-- Factory bean that creates the Mongo instance -->

		<bean id="mongo" class="org.springframework.data.mongodb.core.MongoFactoryBean">
		   <property name="host" value="localhost" />
		</bean>
	 
		 <!-- MongoTemplate for connecting and quering the documents in the database -->
	
		<bean id="mongoTemplate" class="org.springframework.data.mongodb.core.MongoTemplate">
		    <constructor-arg name="mongo" ref="mongo" />
		    <constructor-arg name="databaseName" value="L7DCA" />
		</bean>
	
	
		<mongo:repositories base-package="com.litmus7.mongo.repositories" mongo-template-ref="mongoTemplate"/>
	

   <bean class="org.springframework.web.servlet.view.InternalResourceViewResolver">
      <property name="prefix" value="/WEB-INF/jsp/" />
      <property name="suffix" value=".jsp" />
   </bean>
   
 
       
     <bean id="dataSource" class="org.apache.commons.dbcp.BasicDataSource"
        destroy-method="close">
        <property name="driverClassName" value="com.mysql.jdbc.Driver" />
        <property name="url" value="jdbc:mysql://localhost:3306/elegance" />
        <property name="username" value="root" />
        <property name="password" value="param2003" />
    </bean>
    
    <!-- Hibernate 3 Annotation SessionFactory Bean definition-->
    <bean id="hibernate3AnnotatedSessionFactory"
        class="org.springframework.orm.hibernate3.annotation.AnnotationSessionFactoryBean">
        <property name="dataSource" ref="dataSource" />
        <property name="annotatedClasses">
            <list>
                <value>com.litmus7.model.User</value>
            </list>
        </property>
        <property name="hibernateProperties">
            <props>
                <prop key="hibernate.dialect">org.hibernate.dialect.MySQLDialect</prop>
                <prop key="hibernate.current_session_context_class">thread</prop>
                <prop key="hibernate.show_sql">false</prop>
            </props>
        </property>
    </bean>
     
    <bean id="userDAO" class="com.litmus7.dao.UserDAOImpl">
        <property name="sessionFactory" ref="hibernate3AnnotatedSessionFactory" />
    </bean>
        
</beans>